2025/08/11 17:43:20 [emerg] 1#1: host not found in upstream "backend" in /etc/nginx/conf.d/nginx.conf:13
2025/08/11 17:50:45 [notice] 1#1: using the "epoll" event method
2025/08/11 17:50:45 [notice] 1#1: nginx/1.28.0
2025/08/11 17:50:45 [notice] 1#1: built by gcc 14.2.0 (Alpine 14.2.0) 
2025/08/11 17:50:45 [notice] 1#1: OS: Linux 5.15.167.4-microsoft-standard-WSL2
2025/08/11 17:50:45 [notice] 1#1: getrlimit(RLIMIT_NOFILE): 1048576:1048576
2025/08/11 17:50:45 [notice] 1#1: start worker processes
2025/08/11 17:50:45 [notice] 1#1: start worker process 20
2025/08/11 17:50:45 [notice] 1#1: start worker process 21
2025/08/11 17:50:45 [notice] 1#1: start worker process 22
2025/08/11 17:50:45 [notice] 1#1: start worker process 23
2025/08/11 17:50:45 [notice] 1#1: start worker process 24
2025/08/11 17:50:45 [notice] 1#1: start worker process 25
2025/08/11 17:50:45 [notice] 1#1: start worker process 26
2025/08/11 17:50:45 [notice] 1#1: start worker process 27
2025/08/11 17:50:45 [notice] 1#1: start worker process 28
2025/08/11 17:50:45 [notice] 1#1: start worker process 29
2025/08/11 17:50:45 [notice] 1#1: start worker process 30
2025/08/11 17:50:45 [notice] 1#1: start worker process 31
2025/08/11 17:50:52 [notice] 1#1: signal 3 (SIGQUIT) received, shutting down
2025/08/11 17:50:52 [notice] 20#20: gracefully shutting down
2025/08/11 17:50:52 [notice] 21#21: gracefully shutting down
2025/08/11 17:50:52 [notice] 20#20: exiting
2025/08/11 17:50:52 [notice] 22#22: gracefully shutting down
2025/08/11 17:50:52 [notice] 21#21: exiting
2025/08/11 17:50:52 [notice] 23#23: gracefully shutting down
2025/08/11 17:50:52 [notice] 24#24: gracefully shutting down
2025/08/11 17:50:52 [notice] 22#22: exiting
2025/08/11 17:50:52 [notice] 23#23: exiting
2025/08/11 17:50:52 [notice] 24#24: exiting
2025/08/11 17:50:52 [notice] 25#25: gracefully shutting down
2025/08/11 17:50:52 [notice] 26#26: gracefully shutting down
2025/08/11 17:50:52 [notice] 25#25: exiting
2025/08/11 17:50:52 [notice] 30#30: gracefully shutting down
2025/08/11 17:50:52 [notice] 31#31: gracefully shutting down
2025/08/11 17:50:52 [notice] 26#26: exiting
2025/08/11 17:50:52 [notice] 20#20: exit
2025/08/11 17:50:52 [notice] 21#21: exit
2025/08/11 17:50:52 [notice] 30#30: exiting
2025/08/11 17:50:52 [notice] 31#31: exiting
2025/08/11 17:50:52 [notice] 23#23: exit
2025/08/11 17:50:52 [notice] 22#22: exit
2025/08/11 17:50:52 [notice] 24#24: exit
2025/08/11 17:50:52 [notice] 26#26: exit
2025/08/11 17:50:52 [notice] 31#31: exit
2025/08/11 17:50:52 [notice] 30#30: exit
2025/08/11 17:50:52 [notice] 25#25: exit
2025/08/11 17:50:52 [notice] 27#27: gracefully shutting down
2025/08/11 17:50:52 [notice] 29#29: gracefully shutting down
2025/08/11 17:50:52 [notice] 27#27: exiting
2025/08/11 17:50:52 [notice] 29#29: exiting
2025/08/11 17:50:52 [notice] 28#28: gracefully shutting down
2025/08/11 17:50:52 [notice] 29#29: exit
2025/08/11 17:50:52 [notice] 28#28: exiting
2025/08/11 17:50:52 [notice] 27#27: exit
2025/08/11 17:50:52 [notice] 28#28: exit
2025/08/11 17:50:52 [notice] 1#1: signal 17 (SIGCHLD) received from 22
2025/08/11 17:50:52 [notice] 1#1: worker process 22 exited with code 0
2025/08/11 17:50:52 [notice] 1#1: worker process 24 exited with code 0
2025/08/11 17:50:52 [notice] 1#1: signal 29 (SIGIO) received
2025/08/11 17:50:52 [notice] 1#1: signal 17 (SIGCHLD) received from 24
2025/08/11 17:50:52 [notice] 1#1: signal 17 (SIGCHLD) received from 25
2025/08/11 17:50:52 [notice] 1#1: worker process 25 exited with code 0
2025/08/11 17:50:52 [notice] 1#1: worker process 30 exited with code 0
2025/08/11 17:50:52 [notice] 1#1: signal 29 (SIGIO) received
2025/08/11 17:50:52 [notice] 1#1: signal 17 (SIGCHLD) received from 28
2025/08/11 17:50:52 [notice] 1#1: worker process 28 exited with code 0
2025/08/11 17:50:52 [notice] 1#1: signal 29 (SIGIO) received
2025/08/11 17:50:52 [notice] 1#1: signal 17 (SIGCHLD) received from 31
2025/08/11 17:50:52 [notice] 1#1: worker process 26 exited with code 0
2025/08/11 17:50:52 [notice] 1#1: worker process 23 exited with code 0
2025/08/11 17:50:52 [notice] 1#1: worker process 20 exited with code 0
2025/08/11 17:50:52 [notice] 1#1: worker process 27 exited with code 0
2025/08/11 17:50:52 [notice] 1#1: worker process 29 exited with code 0
2025/08/11 17:50:52 [notice] 1#1: worker process 21 exited with code 0
2025/08/11 17:50:52 [notice] 1#1: worker process 31 exited with code 0
2025/08/11 17:50:52 [notice] 1#1: exit
2025/08/11 17:52:30 [notice] 1#1: using the "epoll" event method
2025/08/11 17:52:30 [notice] 1#1: nginx/1.28.0
2025/08/11 17:52:30 [notice] 1#1: built by gcc 14.2.0 (Alpine 14.2.0) 
2025/08/11 17:52:30 [notice] 1#1: OS: Linux 5.15.167.4-microsoft-standard-WSL2
2025/08/11 17:52:30 [notice] 1#1: getrlimit(RLIMIT_NOFILE): 1048576:1048576
2025/08/11 17:52:30 [notice] 1#1: start worker processes
2025/08/11 17:52:30 [notice] 1#1: start worker process 20
2025/08/11 17:52:30 [notice] 1#1: start worker process 21
2025/08/11 17:52:30 [notice] 1#1: start worker process 22
2025/08/11 17:52:30 [notice] 1#1: start worker process 23
2025/08/11 17:52:30 [notice] 1#1: start worker process 24
2025/08/11 17:52:30 [notice] 1#1: start worker process 25
2025/08/11 17:52:30 [notice] 1#1: start worker process 26
2025/08/11 17:52:30 [notice] 1#1: start worker process 27
2025/08/11 17:52:30 [notice] 1#1: start worker process 28
2025/08/11 17:52:30 [notice] 1#1: start worker process 29
2025/08/11 17:52:30 [notice] 1#1: start worker process 30
2025/08/11 17:52:30 [notice] 1#1: start worker process 31
2025/08/11 17:53:14 [notice] 1#1: signal 3 (SIGQUIT) received, shutting down
2025/08/11 17:53:14 [notice] 20#20: gracefully shutting down
2025/08/11 17:53:14 [notice] 21#21: gracefully shutting down
2025/08/11 17:53:14 [notice] 24#24: gracefully shutting down
2025/08/11 17:53:14 [notice] 20#20: exiting
2025/08/11 17:53:14 [notice] 21#21: exiting
2025/08/11 17:53:14 [notice] 25#25: gracefully shutting down
2025/08/11 17:53:14 [notice] 24#24: exiting
2025/08/11 17:53:14 [notice] 28#28: gracefully shutting down
2025/08/11 17:53:14 [notice] 25#25: exiting
2025/08/11 17:53:14 [notice] 21#21: exit
2025/08/11 17:53:14 [notice] 20#20: exit
2025/08/11 17:53:14 [notice] 25#25: exit
2025/08/11 17:53:14 [notice] 28#28: exiting
2025/08/11 17:53:14 [notice] 26#26: gracefully shutting down
2025/08/11 17:53:14 [notice] 26#26: exiting
2025/08/11 17:53:14 [notice] 28#28: exit
2025/08/11 17:53:14 [notice] 31#31: gracefully shutting down
2025/08/11 17:53:14 [notice] 29#29: gracefully shutting down
2025/08/11 17:53:14 [notice] 23#23: gracefully shutting down
2025/08/11 17:53:14 [notice] 26#26: exit
2025/08/11 17:53:14 [notice] 31#31: exiting
2025/08/11 17:53:14 [notice] 29#29: exiting
2025/08/11 17:53:14 [notice] 24#24: exit
2025/08/11 17:53:14 [notice] 23#23: exiting
2025/08/11 17:53:14 [notice] 22#22: gracefully shutting down
2025/08/11 17:53:14 [notice] 22#22: exiting
2025/08/11 17:53:14 [notice] 31#31: exit
2025/08/11 17:53:14 [notice] 29#29: exit
2025/08/11 17:53:14 [notice] 23#23: exit
2025/08/11 17:53:14 [notice] 22#22: exit
2025/08/11 17:53:14 [notice] 30#30: gracefully shutting down
2025/08/11 17:53:14 [notice] 30#30: exiting
2025/08/11 17:53:14 [notice] 30#30: exit
2025/08/11 17:53:14 [notice] 27#27: gracefully shutting down
2025/08/11 17:53:14 [notice] 27#27: exiting
2025/08/11 17:53:14 [notice] 27#27: exit
2025/08/11 17:53:14 [notice] 1#1: signal 17 (SIGCHLD) received from 20
2025/08/11 17:53:14 [notice] 1#1: worker process 20 exited with code 0
2025/08/11 17:53:14 [notice] 1#1: signal 29 (SIGIO) received
2025/08/11 17:53:14 [notice] 1#1: signal 17 (SIGCHLD) received from 27
2025/08/11 17:53:14 [notice] 1#1: worker process 27 exited with code 0
2025/08/11 17:53:14 [notice] 1#1: signal 29 (SIGIO) received
2025/08/11 17:53:14 [notice] 1#1: signal 17 (SIGCHLD) received from 25
2025/08/11 17:53:14 [notice] 1#1: worker process 23 exited with code 0
2025/08/11 17:53:14 [notice] 1#1: worker process 25 exited with code 0
2025/08/11 17:53:14 [notice] 1#1: worker process 21 exited with code 0
2025/08/11 17:53:14 [notice] 1#1: worker process 26 exited with code 0
2025/08/11 17:53:14 [notice] 1#1: worker process 28 exited with code 0
2025/08/11 17:53:14 [notice] 1#1: worker process 30 exited with code 0
2025/08/11 17:53:14 [notice] 1#1: worker process 31 exited with code 0
2025/08/11 17:53:14 [notice] 1#1: signal 29 (SIGIO) received
2025/08/11 17:53:14 [notice] 1#1: signal 17 (SIGCHLD) received from 21
2025/08/11 17:53:14 [notice] 1#1: signal 17 (SIGCHLD) received from 24
2025/08/11 17:53:14 [notice] 1#1: worker process 22 exited with code 0
2025/08/11 17:53:14 [notice] 1#1: worker process 24 exited with code 0
2025/08/11 17:53:14 [notice] 1#1: signal 29 (SIGIO) received
2025/08/11 17:53:14 [notice] 1#1: signal 17 (SIGCHLD) received from 29
2025/08/11 17:53:14 [notice] 1#1: worker process 29 exited with code 0
2025/08/11 17:53:14 [notice] 1#1: exit
2025/08/11 18:42:20 [notice] 1#1: using the "epoll" event method
2025/08/11 18:42:20 [notice] 1#1: nginx/1.28.0
2025/08/11 18:42:20 [notice] 1#1: built by gcc 14.2.0 (Alpine 14.2.0) 
2025/08/11 18:42:20 [notice] 1#1: OS: Linux 5.15.167.4-microsoft-standard-WSL2
2025/08/11 18:42:20 [notice] 1#1: getrlimit(RLIMIT_NOFILE): 1048576:1048576
2025/08/11 18:42:20 [notice] 1#1: start worker processes
2025/08/11 18:42:20 [notice] 1#1: start worker process 21
2025/08/11 18:42:20 [notice] 1#1: start worker process 22
2025/08/11 18:42:20 [notice] 1#1: start worker process 23
2025/08/11 18:42:20 [notice] 1#1: start worker process 24
2025/08/11 18:42:20 [notice] 1#1: start worker process 25
2025/08/11 18:42:20 [notice] 1#1: start worker process 26
2025/08/11 18:42:20 [notice] 1#1: start worker process 27
2025/08/11 18:42:20 [notice] 1#1: start worker process 28
2025/08/11 18:42:20 [notice] 1#1: start worker process 29
2025/08/11 18:42:20 [notice] 1#1: start worker process 30
2025/08/11 18:42:20 [notice] 1#1: start worker process 31
2025/08/11 18:42:20 [notice] 1#1: start worker process 32
2025/08/11 18:42:27 [notice] 1#1: signal 3 (SIGQUIT) received, shutting down
2025/08/11 18:42:27 [notice] 21#21: gracefully shutting down
2025/08/11 18:42:27 [notice] 22#22: gracefully shutting down
2025/08/11 18:42:27 [notice] 21#21: exiting
2025/08/11 18:42:27 [notice] 23#23: gracefully shutting down
2025/08/11 18:42:27 [notice] 22#22: exiting
2025/08/11 18:42:27 [notice] 24#24: gracefully shutting down
2025/08/11 18:42:27 [notice] 23#23: exiting
2025/08/11 18:42:27 [notice] 24#24: exiting
2025/08/11 18:42:27 [notice] 25#25: gracefully shutting down
2025/08/11 18:42:27 [notice] 26#26: gracefully shutting down
2025/08/11 18:42:27 [notice] 25#25: exiting
2025/08/11 18:42:27 [notice] 26#26: exiting
2025/08/11 18:42:27 [notice] 30#30: gracefully shutting down
2025/08/11 18:42:27 [notice] 32#32: gracefully shutting down
2025/08/11 18:42:27 [notice] 30#30: exiting
2025/08/11 18:42:27 [notice] 32#32: exiting
2025/08/11 18:42:27 [notice] 21#21: exit
2025/08/11 18:42:27 [notice] 22#22: exit
2025/08/11 18:42:27 [notice] 24#24: exit
2025/08/11 18:42:27 [notice] 23#23: exit
2025/08/11 18:42:27 [notice] 26#26: exit
2025/08/11 18:42:27 [notice] 25#25: exit
2025/08/11 18:42:27 [notice] 30#30: exit
2025/08/11 18:42:27 [notice] 32#32: exit
2025/08/11 18:42:27 [notice] 27#27: gracefully shutting down
2025/08/11 18:42:27 [notice] 29#29: gracefully shutting down
2025/08/11 18:42:27 [notice] 27#27: exiting
2025/08/11 18:42:27 [notice] 29#29: exiting
2025/08/11 18:42:27 [notice] 28#28: gracefully shutting down
2025/08/11 18:42:27 [notice] 28#28: exiting
2025/08/11 18:42:27 [notice] 29#29: exit
2025/08/11 18:42:27 [notice] 27#27: exit
2025/08/11 18:42:27 [notice] 28#28: exit
2025/08/11 18:42:27 [notice] 31#31: gracefully shutting down
2025/08/11 18:42:27 [notice] 31#31: exiting
2025/08/11 18:42:27 [notice] 31#31: exit
2025/08/11 18:42:27 [notice] 1#1: signal 17 (SIGCHLD) received from 31
2025/08/11 18:42:27 [notice] 1#1: worker process 31 exited with code 0
2025/08/11 18:42:27 [notice] 1#1: signal 29 (SIGIO) received
2025/08/11 18:42:27 [notice] 1#1: signal 17 (SIGCHLD) received from 27
2025/08/11 18:42:27 [notice] 1#1: worker process 21 exited with code 0
2025/08/11 18:42:27 [notice] 1#1: worker process 22 exited with code 0
2025/08/11 18:42:27 [notice] 1#1: worker process 23 exited with code 0
2025/08/11 18:42:27 [notice] 1#1: worker process 26 exited with code 0
2025/08/11 18:42:27 [notice] 1#1: worker process 27 exited with code 0
2025/08/11 18:42:27 [notice] 1#1: worker process 29 exited with code 0
2025/08/11 18:42:27 [notice] 1#1: worker process 32 exited with code 0
2025/08/11 18:42:27 [notice] 1#1: signal 29 (SIGIO) received
2025/08/11 18:42:27 [notice] 1#1: signal 17 (SIGCHLD) received from 30
2025/08/11 18:42:27 [notice] 1#1: worker process 30 exited with code 0
2025/08/11 18:42:27 [notice] 1#1: signal 29 (SIGIO) received
2025/08/11 18:42:27 [notice] 1#1: signal 17 (SIGCHLD) received from 28
2025/08/11 18:42:27 [notice] 1#1: worker process 25 exited with code 0
2025/08/11 18:42:27 [notice] 1#1: worker process 28 exited with code 0
2025/08/11 18:42:27 [notice] 1#1: signal 29 (SIGIO) received
2025/08/11 18:42:27 [notice] 1#1: signal 17 (SIGCHLD) received from 24
2025/08/11 18:42:27 [notice] 1#1: worker process 24 exited with code 0
2025/08/11 18:42:27 [notice] 1#1: exit
2025/08/11 19:00:21 [notice] 1#1: using the "epoll" event method
2025/08/11 19:00:21 [notice] 1#1: nginx/1.28.0
2025/08/11 19:00:21 [notice] 1#1: built by gcc 14.2.0 (Alpine 14.2.0) 
2025/08/11 19:00:21 [notice] 1#1: OS: Linux 5.15.167.4-microsoft-standard-WSL2
2025/08/11 19:00:21 [notice] 1#1: getrlimit(RLIMIT_NOFILE): 1048576:1048576
2025/08/11 19:00:21 [notice] 1#1: start worker processes
2025/08/11 19:00:21 [notice] 1#1: start worker process 20
2025/08/11 19:00:21 [notice] 1#1: start worker process 21
2025/08/11 19:00:21 [notice] 1#1: start worker process 22
2025/08/11 19:00:21 [notice] 1#1: start worker process 23
2025/08/11 19:00:21 [notice] 1#1: start worker process 24
2025/08/11 19:00:21 [notice] 1#1: start worker process 25
2025/08/11 19:00:21 [notice] 1#1: start worker process 26
2025/08/11 19:00:21 [notice] 1#1: start worker process 27
2025/08/11 19:00:21 [notice] 1#1: start worker process 28
2025/08/11 19:00:21 [notice] 1#1: start worker process 29
2025/08/11 19:00:21 [notice] 1#1: start worker process 30
2025/08/11 19:00:21 [notice] 1#1: start worker process 31
2025/08/11 19:03:29 [notice] 1#1: signal 3 (SIGQUIT) received, shutting down
2025/08/11 19:03:29 [notice] 23#23: gracefully shutting down
2025/08/11 19:03:29 [notice] 20#20: gracefully shutting down
2025/08/11 19:03:29 [notice] 24#24: gracefully shutting down
2025/08/11 19:03:29 [notice] 22#22: gracefully shutting down
2025/08/11 19:03:29 [notice] 23#23: exiting
2025/08/11 19:03:29 [notice] 25#25: gracefully shutting down
2025/08/11 19:03:29 [notice] 24#24: exiting
2025/08/11 19:03:29 [notice] 20#20: exiting
2025/08/11 19:03:29 [notice] 22#22: exiting
2025/08/11 19:03:29 [notice] 26#26: gracefully shutting down
2025/08/11 19:03:29 [notice] 28#28: gracefully shutting down
2025/08/11 19:03:29 [notice] 25#25: exiting
2025/08/11 19:03:29 [notice] 26#26: exiting
2025/08/11 19:03:29 [notice] 28#28: exiting
2025/08/11 19:03:29 [notice] 20#20: exit
2025/08/11 19:03:29 [notice] 24#24: exit
2025/08/11 19:03:29 [notice] 23#23: exit
2025/08/11 19:03:29 [notice] 25#25: exit
2025/08/11 19:03:29 [notice] 22#22: exit
2025/08/11 19:03:29 [notice] 26#26: exit
2025/08/11 19:03:29 [notice] 28#28: exit
2025/08/11 19:03:29 [notice] 27#27: gracefully shutting down
2025/08/11 19:03:29 [notice] 21#21: gracefully shutting down
2025/08/11 19:03:29 [notice] 27#27: exiting
2025/08/11 19:03:29 [notice] 29#29: gracefully shutting down
2025/08/11 19:03:29 [notice] 21#21: exiting
2025/08/11 19:03:29 [notice] 30#30: gracefully shutting down
2025/08/11 19:03:29 [notice] 29#29: exiting
2025/08/11 19:03:29 [notice] 31#31: gracefully shutting down
2025/08/11 19:03:29 [notice] 30#30: exiting
2025/08/11 19:03:29 [notice] 27#27: exit
2025/08/11 19:03:29 [notice] 31#31: exiting
2025/08/11 19:03:29 [notice] 21#21: exit
2025/08/11 19:03:29 [notice] 29#29: exit
2025/08/11 19:03:29 [notice] 30#30: exit
2025/08/11 19:03:29 [notice] 31#31: exit
2025/08/11 19:03:29 [notice] 1#1: signal 17 (SIGCHLD) received from 21
2025/08/11 19:03:29 [notice] 1#1: worker process 21 exited with code 0
2025/08/11 19:03:29 [notice] 1#1: signal 29 (SIGIO) received
2025/08/11 19:03:29 [notice] 1#1: signal 17 (SIGCHLD) received from 25
2025/08/11 19:03:29 [notice] 1#1: worker process 25 exited with code 0
2025/08/11 19:03:29 [notice] 1#1: signal 29 (SIGIO) received
2025/08/11 19:03:29 [notice] 1#1: signal 17 (SIGCHLD) received from 30
2025/08/11 19:03:29 [notice] 1#1: worker process 30 exited with code 0
2025/08/11 19:03:29 [notice] 1#1: signal 29 (SIGIO) received
2025/08/11 19:03:29 [notice] 1#1: signal 17 (SIGCHLD) received from 28
2025/08/11 19:03:29 [notice] 1#1: worker process 20 exited with code 0
2025/08/11 19:03:29 [notice] 1#1: worker process 22 exited with code 0
2025/08/11 19:03:29 [notice] 1#1: worker process 24 exited with code 0
2025/08/11 19:03:29 [notice] 1#1: worker process 26 exited with code 0
2025/08/11 19:03:29 [notice] 1#1: worker process 27 exited with code 0
2025/08/11 19:03:29 [notice] 1#1: worker process 28 exited with code 0
2025/08/11 19:03:29 [notice] 1#1: worker process 31 exited with code 0
2025/08/11 19:03:29 [notice] 1#1: signal 29 (SIGIO) received
2025/08/11 19:03:29 [notice] 1#1: signal 17 (SIGCHLD) received from 22
2025/08/11 19:03:29 [notice] 1#1: signal 17 (SIGCHLD) received from 23
2025/08/11 19:03:29 [notice] 1#1: worker process 23 exited with code 0
2025/08/11 19:03:29 [notice] 1#1: worker process 29 exited with code 0
2025/08/11 19:03:29 [notice] 1#1: exit
2025/08/11 19:05:49 [notice] 1#1: using the "epoll" event method
2025/08/11 19:05:49 [notice] 1#1: nginx/1.28.0
2025/08/11 19:05:49 [notice] 1#1: built by gcc 14.2.0 (Alpine 14.2.0) 
2025/08/11 19:05:49 [notice] 1#1: OS: Linux 5.15.167.4-microsoft-standard-WSL2
2025/08/11 19:05:49 [notice] 1#1: getrlimit(RLIMIT_NOFILE): 1048576:1048576
2025/08/11 19:05:49 [notice] 1#1: start worker processes
2025/08/11 19:05:49 [notice] 1#1: start worker process 20
2025/08/11 19:05:49 [notice] 1#1: start worker process 21
2025/08/11 19:05:49 [notice] 1#1: start worker process 22
2025/08/11 19:05:49 [notice] 1#1: start worker process 23
2025/08/11 19:05:49 [notice] 1#1: start worker process 24
2025/08/11 19:05:49 [notice] 1#1: start worker process 25
2025/08/11 19:05:49 [notice] 1#1: start worker process 26
2025/08/11 19:05:49 [notice] 1#1: start worker process 27
2025/08/11 19:05:49 [notice] 1#1: start worker process 28
2025/08/11 19:05:49 [notice] 1#1: start worker process 29
2025/08/11 19:05:49 [notice] 1#1: start worker process 30
2025/08/11 19:05:49 [notice] 1#1: start worker process 31
2025/08/11 19:26:48 [notice] 1#1: signal 3 (SIGQUIT) received, shutting down
2025/08/11 19:26:48 [notice] 20#20: gracefully shutting down
2025/08/11 19:26:48 [notice] 20#20: exiting
2025/08/11 19:26:48 [notice] 21#21: gracefully shutting down
2025/08/11 19:26:48 [notice] 23#23: gracefully shutting down
2025/08/11 19:26:48 [notice] 21#21: exiting
2025/08/11 19:26:48 [notice] 24#24: gracefully shutting down
2025/08/11 19:26:48 [notice] 23#23: exiting
2025/08/11 19:26:48 [notice] 25#25: gracefully shutting down
2025/08/11 19:26:48 [notice] 24#24: exiting
2025/08/11 19:26:48 [notice] 22#22: gracefully shutting down
2025/08/11 19:26:48 [notice] 21#21: exit
2025/08/11 19:26:48 [notice] 20#20: exit
2025/08/11 19:26:48 [notice] 25#25: exiting
2025/08/11 19:26:48 [notice] 22#22: exiting
2025/08/11 19:26:48 [notice] 23#23: exit
2025/08/11 19:26:48 [notice] 24#24: exit
2025/08/11 19:26:48 [notice] 25#25: exit
2025/08/11 19:26:48 [notice] 26#26: gracefully shutting down
2025/08/11 19:26:48 [notice] 22#22: exit
2025/08/11 19:26:48 [notice] 26#26: exiting
2025/08/11 19:26:48 [notice] 26#26: exit
2025/08/11 19:26:48 [notice] 27#27: gracefully shutting down
2025/08/11 19:26:48 [notice] 29#29: gracefully shutting down
2025/08/11 19:26:48 [notice] 29#29: exiting
2025/08/11 19:26:48 [notice] 27#27: exiting
2025/08/11 19:26:48 [notice] 29#29: exit
2025/08/11 19:26:48 [notice] 27#27: exit
2025/08/11 19:26:48 [notice] 28#28: gracefully shutting down
2025/08/11 19:26:48 [notice] 31#31: gracefully shutting down
2025/08/11 19:26:48 [notice] 30#30: gracefully shutting down
2025/08/11 19:26:48 [notice] 31#31: exiting
2025/08/11 19:26:48 [notice] 28#28: exiting
2025/08/11 19:26:48 [notice] 30#30: exiting
2025/08/11 19:26:48 [notice] 28#28: exit
2025/08/11 19:26:48 [notice] 31#31: exit
2025/08/11 19:26:48 [notice] 30#30: exit
2025/08/11 19:26:48 [notice] 1#1: signal 17 (SIGCHLD) received from 30
2025/08/11 19:26:48 [notice] 1#1: worker process 20 exited with code 0
2025/08/11 19:26:48 [notice] 1#1: worker process 23 exited with code 0
2025/08/11 19:26:48 [notice] 1#1: worker process 26 exited with code 0
2025/08/11 19:26:48 [notice] 1#1: worker process 28 exited with code 0
2025/08/11 19:26:48 [notice] 1#1: worker process 30 exited with code 0
2025/08/11 19:26:48 [notice] 1#1: worker process 31 exited with code 0
2025/08/11 19:26:48 [notice] 1#1: signal 29 (SIGIO) received
2025/08/11 19:26:48 [notice] 1#1: signal 17 (SIGCHLD) received from 26
2025/08/11 19:26:48 [notice] 1#1: worker process 22 exited with code 0
2025/08/11 19:26:48 [notice] 1#1: signal 29 (SIGIO) received
2025/08/11 19:26:48 [notice] 1#1: signal 17 (SIGCHLD) received from 22
2025/08/11 19:26:48 [notice] 1#1: signal 17 (SIGCHLD) received from 29
2025/08/11 19:26:48 [notice] 1#1: worker process 21 exited with code 0
2025/08/11 19:26:48 [notice] 1#1: worker process 24 exited with code 0
2025/08/11 19:26:48 [notice] 1#1: worker process 25 exited with code 0
2025/08/11 19:26:48 [notice] 1#1: worker process 27 exited with code 0
2025/08/11 19:26:48 [notice] 1#1: worker process 29 exited with code 0
2025/08/11 19:26:48 [notice] 1#1: exit
2025/08/11 19:27:16 [notice] 1#1: using the "epoll" event method
2025/08/11 19:27:16 [notice] 1#1: nginx/1.28.0
2025/08/11 19:27:16 [notice] 1#1: built by gcc 14.2.0 (Alpine 14.2.0) 
2025/08/11 19:27:16 [notice] 1#1: OS: Linux 5.15.167.4-microsoft-standard-WSL2
2025/08/11 19:27:16 [notice] 1#1: getrlimit(RLIMIT_NOFILE): 1048576:1048576
2025/08/11 19:27:16 [notice] 1#1: start worker processes
2025/08/11 19:27:16 [notice] 1#1: start worker process 20
2025/08/11 19:27:16 [notice] 1#1: start worker process 21
2025/08/11 19:27:16 [notice] 1#1: start worker process 22
2025/08/11 19:27:16 [notice] 1#1: start worker process 23
2025/08/11 19:27:16 [notice] 1#1: start worker process 24
2025/08/11 19:27:16 [notice] 1#1: start worker process 25
2025/08/11 19:27:16 [notice] 1#1: start worker process 26
2025/08/11 19:27:16 [notice] 1#1: start worker process 27
2025/08/11 19:27:16 [notice] 1#1: start worker process 28
2025/08/11 19:27:16 [notice] 1#1: start worker process 29
2025/08/11 19:27:16 [notice] 1#1: start worker process 30
2025/08/11 19:27:16 [notice] 1#1: start worker process 31
2025/08/11 19:29:46 [notice] 1#1: signal 3 (SIGQUIT) received, shutting down
2025/08/11 19:29:46 [notice] 21#21: gracefully shutting down
2025/08/11 19:29:46 [notice] 22#22: gracefully shutting down
2025/08/11 19:29:46 [notice] 23#23: gracefully shutting down
2025/08/11 19:29:46 [notice] 21#21: exiting
2025/08/11 19:29:46 [notice] 24#24: gracefully shutting down
2025/08/11 19:29:46 [notice] 22#22: exiting
2025/08/11 19:29:46 [notice] 25#25: gracefully shutting down
2025/08/11 19:29:46 [notice] 23#23: exiting
2025/08/11 19:29:46 [notice] 24#24: exiting
2025/08/11 19:29:46 [notice] 25#25: exiting
2025/08/11 19:29:46 [notice] 26#26: gracefully shutting down
2025/08/11 19:29:46 [notice] 27#27: gracefully shutting down
2025/08/11 19:29:46 [notice] 29#29: gracefully shutting down
2025/08/11 19:29:46 [notice] 20#20: gracefully shutting down
2025/08/11 19:29:46 [notice] 26#26: exiting
2025/08/11 19:29:46 [notice] 29#29: exiting
2025/08/11 19:29:46 [notice] 27#27: exiting
2025/08/11 19:29:46 [notice] 20#20: exiting
2025/08/11 19:29:46 [notice] 21#21: exit
2025/08/11 19:29:46 [notice] 22#22: exit
2025/08/11 19:29:46 [notice] 23#23: exit
2025/08/11 19:29:46 [notice] 24#24: exit
2025/08/11 19:29:46 [notice] 25#25: exit
2025/08/11 19:29:46 [notice] 26#26: exit
2025/08/11 19:29:46 [notice] 20#20: exit
2025/08/11 19:29:46 [notice] 27#27: exit
2025/08/11 19:29:46 [notice] 29#29: exit
2025/08/11 19:29:46 [notice] 30#30: gracefully shutting down
2025/08/11 19:29:46 [notice] 30#30: exiting
2025/08/11 19:29:46 [notice] 28#28: gracefully shutting down
2025/08/11 19:29:46 [notice] 28#28: exiting
2025/08/11 19:29:46 [notice] 30#30: exit
2025/08/11 19:29:46 [notice] 28#28: exit
2025/08/11 19:29:46 [notice] 31#31: gracefully shutting down
2025/08/11 19:29:46 [notice] 31#31: exiting
2025/08/11 19:29:46 [notice] 31#31: exit
2025/08/11 19:29:46 [notice] 1#1: signal 17 (SIGCHLD) received from 26
2025/08/11 19:29:46 [notice] 1#1: worker process 26 exited with code 0
2025/08/11 19:29:46 [notice] 1#1: worker process 31 exited with code 0
2025/08/11 19:29:46 [notice] 1#1: signal 29 (SIGIO) received
2025/08/11 19:29:46 [notice] 1#1: signal 17 (SIGCHLD) received from 24
2025/08/11 19:29:46 [notice] 1#1: worker process 21 exited with code 0
2025/08/11 19:29:46 [notice] 1#1: worker process 24 exited with code 0
2025/08/11 19:29:46 [notice] 1#1: worker process 25 exited with code 0
2025/08/11 19:29:46 [notice] 1#1: worker process 27 exited with code 0
2025/08/11 19:29:46 [notice] 1#1: worker process 28 exited with code 0
2025/08/11 19:29:46 [notice] 1#1: worker process 29 exited with code 0
2025/08/11 19:29:46 [notice] 1#1: signal 29 (SIGIO) received
2025/08/11 19:29:46 [notice] 1#1: signal 17 (SIGCHLD) received from 27
2025/08/11 19:29:46 [notice] 1#1: worker process 23 exited with code 0
2025/08/11 19:29:46 [notice] 1#1: signal 29 (SIGIO) received
2025/08/11 19:29:46 [notice] 1#1: signal 17 (SIGCHLD) received from 20
2025/08/11 19:29:46 [notice] 1#1: worker process 20 exited with code 0
2025/08/11 19:29:46 [notice] 1#1: worker process 22 exited with code 0
2025/08/11 19:29:46 [notice] 1#1: worker process 30 exited with code 0
2025/08/11 19:29:46 [notice] 1#1: exit
2025/08/11 19:30:00 [notice] 1#1: using the "epoll" event method
2025/08/11 19:30:00 [notice] 1#1: nginx/1.28.0
2025/08/11 19:30:00 [notice] 1#1: built by gcc 14.2.0 (Alpine 14.2.0) 
2025/08/11 19:30:00 [notice] 1#1: OS: Linux 5.15.167.4-microsoft-standard-WSL2
2025/08/11 19:30:00 [notice] 1#1: getrlimit(RLIMIT_NOFILE): 1048576:1048576
2025/08/11 19:30:00 [notice] 1#1: start worker processes
2025/08/11 19:30:00 [notice] 1#1: start worker process 20
2025/08/11 19:30:00 [notice] 1#1: start worker process 21
2025/08/11 19:30:00 [notice] 1#1: start worker process 22
2025/08/11 19:30:00 [notice] 1#1: start worker process 23
2025/08/11 19:30:00 [notice] 1#1: start worker process 24
2025/08/11 19:30:00 [notice] 1#1: start worker process 25
2025/08/11 19:30:00 [notice] 1#1: start worker process 26
2025/08/11 19:30:00 [notice] 1#1: start worker process 27
2025/08/11 19:30:00 [notice] 1#1: start worker process 28
2025/08/11 19:30:00 [notice] 1#1: start worker process 29
2025/08/11 19:30:00 [notice] 1#1: start worker process 30
2025/08/11 19:30:00 [notice] 1#1: start worker process 31
2025/08/11 19:35:54 [notice] 1#1: signal 3 (SIGQUIT) received, shutting down
2025/08/11 19:35:54 [notice] 20#20: gracefully shutting down
2025/08/11 19:35:54 [notice] 21#21: gracefully shutting down
2025/08/11 19:35:54 [notice] 23#23: gracefully shutting down
2025/08/11 19:35:54 [notice] 22#22: gracefully shutting down
2025/08/11 19:35:54 [notice] 21#21: exiting
2025/08/11 19:35:54 [notice] 20#20: exiting
2025/08/11 19:35:54 [notice] 24#24: gracefully shutting down
2025/08/11 19:35:54 [notice] 23#23: exiting
2025/08/11 19:35:54 [notice] 28#28: gracefully shutting down
2025/08/11 19:35:54 [notice] 22#22: exiting
2025/08/11 19:35:54 [notice] 24#24: exiting
2025/08/11 19:35:54 [notice] 29#29: gracefully shutting down
2025/08/11 19:35:54 [notice] 28#28: exiting
2025/08/11 19:35:54 [notice] 29#29: exiting
2025/08/11 19:35:54 [notice] 27#27: gracefully shutting down
2025/08/11 19:35:54 [notice] 30#30: gracefully shutting down
2025/08/11 19:35:54 [notice] 27#27: exiting
2025/08/11 19:35:54 [notice] 23#23: exit
2025/08/11 19:35:54 [notice] 21#21: exit
2025/08/11 19:35:54 [notice] 20#20: exit
2025/08/11 19:35:54 [notice] 24#24: exit
2025/08/11 19:35:54 [notice] 22#22: exit
2025/08/11 19:35:54 [notice] 30#30: exiting
2025/08/11 19:35:54 [notice] 28#28: exit
2025/08/11 19:35:54 [notice] 29#29: exit
2025/08/11 19:35:54 [notice] 27#27: exit
2025/08/11 19:35:54 [notice] 30#30: exit
2025/08/11 19:35:54 [notice] 26#26: gracefully shutting down
2025/08/11 19:35:54 [notice] 31#31: gracefully shutting down
2025/08/11 19:35:54 [notice] 25#25: gracefully shutting down
2025/08/11 19:35:54 [notice] 26#26: exiting
2025/08/11 19:35:54 [notice] 31#31: exiting
2025/08/11 19:35:54 [notice] 25#25: exiting
2025/08/11 19:35:54 [notice] 26#26: exit
2025/08/11 19:35:54 [notice] 31#31: exit
2025/08/11 19:35:54 [notice] 25#25: exit
2025/08/11 19:35:54 [notice] 1#1: signal 17 (SIGCHLD) received from 22
2025/08/11 19:35:54 [notice] 1#1: worker process 22 exited with code 0
2025/08/11 19:35:54 [notice] 1#1: worker process 23 exited with code 0
2025/08/11 19:35:54 [notice] 1#1: worker process 26 exited with code 0
2025/08/11 19:35:54 [notice] 1#1: worker process 27 exited with code 0
2025/08/11 19:35:54 [notice] 1#1: worker process 28 exited with code 0
2025/08/11 19:35:54 [notice] 1#1: worker process 31 exited with code 0
2025/08/11 19:35:54 [notice] 1#1: signal 29 (SIGIO) received
2025/08/11 19:35:54 [notice] 1#1: signal 17 (SIGCHLD) received from 28
2025/08/11 19:35:54 [notice] 1#1: signal 17 (SIGCHLD) received from 29
2025/08/11 19:35:54 [notice] 1#1: worker process 29 exited with code 0
2025/08/11 19:35:54 [notice] 1#1: signal 29 (SIGIO) received
2025/08/11 19:35:54 [notice] 1#1: signal 17 (SIGCHLD) received from 21
2025/08/11 19:35:54 [notice] 1#1: worker process 20 exited with code 0
2025/08/11 19:35:54 [notice] 1#1: worker process 21 exited with code 0
2025/08/11 19:35:54 [notice] 1#1: signal 29 (SIGIO) received
2025/08/11 19:35:54 [notice] 1#1: signal 17 (SIGCHLD) received from 25
2025/08/11 19:35:54 [notice] 1#1: worker process 24 exited with code 0
2025/08/11 19:35:54 [notice] 1#1: worker process 25 exited with code 0
2025/08/11 19:35:54 [notice] 1#1: worker process 30 exited with code 0
2025/08/11 19:35:54 [notice] 1#1: exit
2025/08/11 19:36:06 [notice] 1#1: using the "epoll" event method
2025/08/11 19:36:06 [notice] 1#1: nginx/1.28.0
2025/08/11 19:36:06 [notice] 1#1: built by gcc 14.2.0 (Alpine 14.2.0) 
2025/08/11 19:36:06 [notice] 1#1: OS: Linux 5.15.167.4-microsoft-standard-WSL2
2025/08/11 19:36:06 [notice] 1#1: getrlimit(RLIMIT_NOFILE): 1048576:1048576
2025/08/11 19:36:06 [notice] 1#1: start worker processes
2025/08/11 19:36:06 [notice] 1#1: start worker process 20
2025/08/11 19:36:06 [notice] 1#1: start worker process 21
2025/08/11 19:36:06 [notice] 1#1: start worker process 22
2025/08/11 19:36:06 [notice] 1#1: start worker process 23
2025/08/11 19:36:06 [notice] 1#1: start worker process 24
2025/08/11 19:36:06 [notice] 1#1: start worker process 25
2025/08/11 19:36:06 [notice] 1#1: start worker process 26
2025/08/11 19:36:06 [notice] 1#1: start worker process 27
2025/08/11 19:36:06 [notice] 1#1: start worker process 28
2025/08/11 19:36:06 [notice] 1#1: start worker process 29
2025/08/11 19:36:06 [notice] 1#1: start worker process 30
2025/08/11 19:36:06 [notice] 1#1: start worker process 31
2025/08/11 19:36:44 [notice] 1#1: signal 3 (SIGQUIT) received, shutting down
2025/08/11 19:36:44 [notice] 20#20: gracefully shutting down
2025/08/11 19:36:44 [notice] 22#22: gracefully shutting down
2025/08/11 19:36:44 [notice] 24#24: gracefully shutting down
2025/08/11 19:36:44 [notice] 20#20: exiting
2025/08/11 19:36:44 [notice] 22#22: exiting
2025/08/11 19:36:44 [notice] 26#26: gracefully shutting down
2025/08/11 19:36:44 [notice] 24#24: exiting
2025/08/11 19:36:44 [notice] 28#28: gracefully shutting down
2025/08/11 19:36:44 [notice] 28#28: exiting
2025/08/11 19:36:44 [notice] 26#26: exiting
2025/08/11 19:36:44 [notice] 24#24: exit
2025/08/11 19:36:44 [notice] 28#28: exit
2025/08/11 19:36:44 [notice] 20#20: exit
2025/08/11 19:36:44 [notice] 26#26: exit
2025/08/11 19:36:44 [notice] 22#22: exit
2025/08/11 19:36:44 [notice] 27#27: gracefully shutting down
2025/08/11 19:36:44 [notice] 23#23: gracefully shutting down
2025/08/11 19:36:44 [notice] 29#29: gracefully shutting down
2025/08/11 19:36:44 [notice] 27#27: exiting
2025/08/11 19:36:44 [notice] 23#23: exiting
2025/08/11 19:36:44 [notice] 29#29: exiting
2025/08/11 19:36:44 [notice] 27#27: exit
2025/08/11 19:36:44 [notice] 23#23: exit
2025/08/11 19:36:44 [notice] 30#30: gracefully shutting down
2025/08/11 19:36:44 [notice] 25#25: gracefully shutting down
2025/08/11 19:36:44 [notice] 30#30: exiting
2025/08/11 19:36:44 [notice] 25#25: exiting
2025/08/11 19:36:44 [notice] 30#30: exit
2025/08/11 19:36:44 [notice] 25#25: exit
2025/08/11 19:36:44 [notice] 21#21: gracefully shutting down
2025/08/11 19:36:44 [notice] 21#21: exiting
2025/08/11 19:36:44 [notice] 21#21: exit
2025/08/11 19:36:44 [notice] 31#31: gracefully shutting down
2025/08/11 19:36:44 [notice] 31#31: exiting
2025/08/11 19:36:44 [notice] 31#31: exit
2025/08/11 19:36:44 [notice] 29#29: exit
2025/08/11 19:36:44 [notice] 1#1: signal 17 (SIGCHLD) received from 23
2025/08/11 19:36:44 [notice] 1#1: worker process 20 exited with code 0
2025/08/11 19:36:44 [notice] 1#1: worker process 23 exited with code 0
2025/08/11 19:36:44 [notice] 1#1: worker process 24 exited with code 0
2025/08/11 19:36:44 [notice] 1#1: worker process 27 exited with code 0
2025/08/11 19:36:44 [notice] 1#1: worker process 28 exited with code 0
2025/08/11 19:36:44 [notice] 1#1: worker process 29 exited with code 0
2025/08/11 19:36:44 [notice] 1#1: worker process 30 exited with code 0
2025/08/11 19:36:44 [notice] 1#1: worker process 31 exited with code 0
2025/08/11 19:36:44 [notice] 1#1: signal 29 (SIGIO) received
2025/08/11 19:36:44 [notice] 1#1: signal 17 (SIGCHLD) received from 21
2025/08/11 19:36:44 [notice] 1#1: worker process 21 exited with code 0
2025/08/11 19:36:44 [notice] 1#1: signal 29 (SIGIO) received
2025/08/11 19:36:44 [notice] 1#1: signal 17 (SIGCHLD) received from 26
2025/08/11 19:36:44 [notice] 1#1: worker process 26 exited with code 0
2025/08/11 19:36:44 [notice] 1#1: signal 29 (SIGIO) received
2025/08/11 19:36:44 [notice] 1#1: signal 17 (SIGCHLD) received from 25
2025/08/11 19:36:44 [notice] 1#1: worker process 22 exited with code 0
2025/08/11 19:36:44 [notice] 1#1: worker process 25 exited with code 0
2025/08/11 19:36:44 [notice] 1#1: exit
2025/08/11 19:37:24 [notice] 1#1: using the "epoll" event method
2025/08/11 19:37:24 [notice] 1#1: nginx/1.28.0
2025/08/11 19:37:24 [notice] 1#1: built by gcc 14.2.0 (Alpine 14.2.0) 
2025/08/11 19:37:24 [notice] 1#1: OS: Linux 5.15.167.4-microsoft-standard-WSL2
2025/08/11 19:37:24 [notice] 1#1: getrlimit(RLIMIT_NOFILE): 1048576:1048576
2025/08/11 19:37:24 [notice] 1#1: start worker processes
2025/08/11 19:37:24 [notice] 1#1: start worker process 20
2025/08/11 19:37:24 [notice] 1#1: start worker process 21
2025/08/11 19:37:24 [notice] 1#1: start worker process 22
2025/08/11 19:37:24 [notice] 1#1: start worker process 23
2025/08/11 19:37:24 [notice] 1#1: start worker process 24
2025/08/11 19:37:24 [notice] 1#1: start worker process 25
2025/08/11 19:37:24 [notice] 1#1: start worker process 26
2025/08/11 19:37:24 [notice] 1#1: start worker process 27
2025/08/11 19:37:24 [notice] 1#1: start worker process 28
2025/08/11 19:37:24 [notice] 1#1: start worker process 29
2025/08/11 19:37:24 [notice] 1#1: start worker process 30
2025/08/11 19:37:24 [notice] 1#1: start worker process 31
2025/08/11 19:51:30 [notice] 1#1: signal 3 (SIGQUIT) received, shutting down
2025/08/11 19:51:30 [notice] 22#22: gracefully shutting down
2025/08/11 19:51:30 [notice] 20#20: gracefully shutting down
2025/08/11 19:51:30 [notice] 24#24: gracefully shutting down
2025/08/11 19:51:30 [notice] 25#25: gracefully shutting down
2025/08/11 19:51:30 [notice] 28#28: gracefully shutting down
2025/08/11 19:51:30 [notice] 26#26: gracefully shutting down
2025/08/11 19:51:30 [notice] 21#21: gracefully shutting down
2025/08/11 19:51:30 [notice] 31#31: gracefully shutting down
2025/08/11 19:51:30 [notice] 20#20: exiting
2025/08/11 19:51:30 [notice] 23#23: gracefully shutting down
2025/08/11 19:51:30 [notice] 22#22: exiting
2025/08/11 19:51:30 [notice] 25#25: exiting
2025/08/11 19:51:30 [notice] 28#28: exiting
2025/08/11 19:51:30 [notice] 26#26: exiting
2025/08/11 19:51:30 [notice] 31#31: exiting
2025/08/11 19:51:30 [notice] 23#23: exiting
2025/08/11 19:51:30 [notice] 21#21: exiting
2025/08/11 19:51:30 [notice] 30#30: gracefully shutting down
2025/08/11 19:51:30 [notice] 30#30: exiting
2025/08/11 19:51:30 [notice] 26#26: exit
2025/08/11 19:51:30 [notice] 25#25: exit
2025/08/11 19:51:30 [notice] 28#28: exit
2025/08/11 19:51:30 [notice] 23#23: exit
2025/08/11 19:51:30 [notice] 22#22: exit
2025/08/11 19:51:30 [notice] 31#31: exit
2025/08/11 19:51:30 [notice] 20#20: exit
2025/08/11 19:51:30 [notice] 24#24: exiting
2025/08/11 19:51:30 [notice] 21#21: exit
2025/08/11 19:51:30 [notice] 30#30: exit
2025/08/11 19:51:30 [notice] 24#24: exit
2025/08/11 19:51:30 [notice] 29#29: gracefully shutting down
2025/08/11 19:51:30 [notice] 29#29: exiting
2025/08/11 19:51:30 [notice] 27#27: gracefully shutting down
2025/08/11 19:51:30 [notice] 29#29: exit
2025/08/11 19:51:30 [notice] 27#27: exiting
2025/08/11 19:51:30 [notice] 27#27: exit
2025/08/11 19:51:30 [notice] 1#1: signal 17 (SIGCHLD) received from 20
2025/08/11 19:51:30 [notice] 1#1: worker process 20 exited with code 0
2025/08/11 19:51:30 [notice] 1#1: worker process 25 exited with code 0
2025/08/11 19:51:30 [notice] 1#1: worker process 26 exited with code 0
2025/08/11 19:51:30 [notice] 1#1: worker process 28 exited with code 0
2025/08/11 19:51:30 [notice] 1#1: signal 29 (SIGIO) received
2025/08/11 19:51:30 [notice] 1#1: signal 17 (SIGCHLD) received from 31
2025/08/11 19:51:30 [notice] 1#1: worker process 31 exited with code 0
2025/08/11 19:51:30 [notice] 1#1: signal 29 (SIGIO) received
2025/08/11 19:51:30 [notice] 1#1: signal 17 (SIGCHLD) received from 22
2025/08/11 19:51:30 [notice] 1#1: worker process 21 exited with code 0
2025/08/11 19:51:30 [notice] 1#1: worker process 22 exited with code 0
2025/08/11 19:51:30 [notice] 1#1: worker process 24 exited with code 0
2025/08/11 19:51:30 [notice] 1#1: worker process 27 exited with code 0
2025/08/11 19:51:30 [notice] 1#1: signal 29 (SIGIO) received
2025/08/11 19:51:30 [notice] 1#1: signal 17 (SIGCHLD) received from 23
2025/08/11 19:51:30 [notice] 1#1: worker process 23 exited with code 0
2025/08/11 19:51:30 [notice] 1#1: signal 29 (SIGIO) received
2025/08/11 19:51:30 [notice] 1#1: signal 17 (SIGCHLD) received from 29
2025/08/11 19:51:30 [notice] 1#1: worker process 29 exited with code 0
2025/08/11 19:51:30 [notice] 1#1: worker process 30 exited with code 0
2025/08/11 19:51:30 [notice] 1#1: exit
2025/08/11 20:08:09 [notice] 1#1: using the "epoll" event method
2025/08/11 20:08:09 [notice] 1#1: nginx/1.28.0
2025/08/11 20:08:09 [notice] 1#1: built by gcc 14.2.0 (Alpine 14.2.0) 
2025/08/11 20:08:09 [notice] 1#1: OS: Linux 5.15.167.4-microsoft-standard-WSL2
2025/08/11 20:08:09 [notice] 1#1: getrlimit(RLIMIT_NOFILE): 1048576:1048576
2025/08/11 20:08:09 [notice] 1#1: start worker processes
2025/08/11 20:08:09 [notice] 1#1: start worker process 20
2025/08/11 20:08:09 [notice] 1#1: start worker process 21
2025/08/11 20:08:09 [notice] 1#1: start worker process 22
2025/08/11 20:08:09 [notice] 1#1: start worker process 23
2025/08/11 20:08:09 [notice] 1#1: start worker process 24
2025/08/11 20:08:09 [notice] 1#1: start worker process 25
2025/08/11 20:08:09 [notice] 1#1: start worker process 26
2025/08/11 20:08:09 [notice] 1#1: start worker process 27
2025/08/11 20:08:09 [notice] 1#1: start worker process 28
2025/08/11 20:08:09 [notice] 1#1: start worker process 29
2025/08/11 20:08:09 [notice] 1#1: start worker process 30
2025/08/11 20:08:09 [notice] 1#1: start worker process 31
2025/08/11 20:14:01 [notice] 1#1: signal 3 (SIGQUIT) received, shutting down
2025/08/11 20:14:01 [notice] 20#20: gracefully shutting down
2025/08/11 20:14:01 [notice] 21#21: gracefully shutting down
2025/08/11 20:14:01 [notice] 24#24: gracefully shutting down
2025/08/11 20:14:01 [notice] 20#20: exiting
2025/08/11 20:14:01 [notice] 21#21: exiting
2025/08/11 20:14:01 [notice] 23#23: gracefully shutting down
2025/08/11 20:14:01 [notice] 24#24: exiting
2025/08/11 20:14:01 [notice] 27#27: gracefully shutting down
2025/08/11 20:14:01 [notice] 29#29: gracefully shutting down
2025/08/11 20:14:01 [notice] 25#25: gracefully shutting down
2025/08/11 20:14:01 [notice] 23#23: exiting
2025/08/11 20:14:01 [notice] 29#29: exiting
2025/08/11 20:14:01 [notice] 27#27: exiting
2025/08/11 20:14:01 [notice] 25#25: exiting
2025/08/11 20:14:01 [notice] 24#24: exit
2025/08/11 20:14:01 [notice] 21#21: exit
2025/08/11 20:14:01 [notice] 20#20: exit
2025/08/11 20:14:01 [notice] 23#23: exit
2025/08/11 20:14:01 [notice] 29#29: exit
2025/08/11 20:14:01 [notice] 25#25: exit
2025/08/11 20:14:01 [notice] 26#26: gracefully shutting down
2025/08/11 20:14:01 [notice] 27#27: exit
2025/08/11 20:14:01 [notice] 26#26: exiting
2025/08/11 20:14:01 [notice] 22#22: gracefully shutting down
2025/08/11 20:14:01 [notice] 30#30: gracefully shutting down
2025/08/11 20:14:01 [notice] 31#31: gracefully shutting down
2025/08/11 20:14:01 [notice] 26#26: exit
2025/08/11 20:14:01 [notice] 22#22: exiting
2025/08/11 20:14:01 [notice] 30#30: exiting
2025/08/11 20:14:01 [notice] 31#31: exiting
2025/08/11 20:14:01 [notice] 22#22: exit
2025/08/11 20:14:01 [notice] 30#30: exit
2025/08/11 20:14:01 [notice] 28#28: gracefully shutting down
2025/08/11 20:14:01 [notice] 31#31: exit
2025/08/11 20:14:01 [notice] 28#28: exiting
2025/08/11 20:14:01 [notice] 28#28: exit
2025/08/11 20:14:01 [notice] 1#1: signal 17 (SIGCHLD) received from 31
2025/08/11 20:14:01 [notice] 1#1: worker process 31 exited with code 0
2025/08/11 20:14:01 [notice] 1#1: signal 29 (SIGIO) received
2025/08/11 20:14:01 [notice] 1#1: signal 17 (SIGCHLD) received from 29
2025/08/11 20:14:01 [notice] 1#1: worker process 21 exited with code 0
2025/08/11 20:14:01 [notice] 1#1: worker process 22 exited with code 0
2025/08/11 20:14:01 [notice] 1#1: worker process 27 exited with code 0
2025/08/11 20:14:01 [notice] 1#1: worker process 29 exited with code 0
2025/08/11 20:14:01 [notice] 1#1: signal 29 (SIGIO) received
2025/08/11 20:14:01 [notice] 1#1: signal 17 (SIGCHLD) received from 28
2025/08/11 20:14:01 [notice] 1#1: worker process 20 exited with code 0
2025/08/11 20:14:01 [notice] 1#1: worker process 24 exited with code 0
2025/08/11 20:14:01 [notice] 1#1: worker process 25 exited with code 0
2025/08/11 20:14:01 [notice] 1#1: worker process 26 exited with code 0
2025/08/11 20:14:01 [notice] 1#1: worker process 28 exited with code 0
2025/08/11 20:14:01 [notice] 1#1: worker process 30 exited with code 0
2025/08/11 20:14:01 [notice] 1#1: signal 29 (SIGIO) received
2025/08/11 20:14:01 [notice] 1#1: signal 17 (SIGCHLD) received from 23
2025/08/11 20:14:01 [notice] 1#1: worker process 23 exited with code 0
2025/08/11 20:14:01 [notice] 1#1: exit
2025/08/11 20:30:12 [notice] 1#1: using the "epoll" event method
2025/08/11 20:30:12 [notice] 1#1: nginx/1.28.0
2025/08/11 20:30:12 [notice] 1#1: built by gcc 14.2.0 (Alpine 14.2.0) 
2025/08/11 20:30:12 [notice] 1#1: OS: Linux 5.15.167.4-microsoft-standard-WSL2
2025/08/11 20:30:12 [notice] 1#1: getrlimit(RLIMIT_NOFILE): 1048576:1048576
2025/08/11 20:30:12 [notice] 1#1: start worker processes
2025/08/11 20:30:12 [notice] 1#1: start worker process 20
2025/08/11 20:30:12 [notice] 1#1: start worker process 21
2025/08/11 20:30:12 [notice] 1#1: start worker process 22
2025/08/11 20:30:12 [notice] 1#1: start worker process 23
2025/08/11 20:30:12 [notice] 1#1: start worker process 24
2025/08/11 20:30:12 [notice] 1#1: start worker process 25
2025/08/11 20:30:12 [notice] 1#1: start worker process 26
2025/08/11 20:30:12 [notice] 1#1: start worker process 27
2025/08/11 20:30:12 [notice] 1#1: start worker process 28
2025/08/11 20:30:12 [notice] 1#1: start worker process 29
2025/08/11 20:30:12 [notice] 1#1: start worker process 30
2025/08/11 20:30:12 [notice] 1#1: start worker process 31
2025/08/11 20:32:17 [notice] 1#1: signal 3 (SIGQUIT) received, shutting down
2025/08/11 20:32:17 [notice] 20#20: gracefully shutting down
2025/08/11 20:32:17 [notice] 21#21: gracefully shutting down
2025/08/11 20:32:17 [notice] 20#20: exiting
2025/08/11 20:32:17 [notice] 23#23: gracefully shutting down
2025/08/11 20:32:17 [notice] 21#21: exiting
2025/08/11 20:32:17 [notice] 24#24: gracefully shutting down
2025/08/11 20:32:17 [notice] 23#23: exiting
2025/08/11 20:32:17 [notice] 25#25: gracefully shutting down
2025/08/11 20:32:17 [notice] 24#24: exiting
2025/08/11 20:32:17 [notice] 26#26: gracefully shutting down
2025/08/11 20:32:17 [notice] 25#25: exiting
2025/08/11 20:32:17 [notice] 28#28: gracefully shutting down
2025/08/11 20:32:17 [notice] 26#26: exiting
2025/08/11 20:32:17 [notice] 30#30: gracefully shutting down
2025/08/11 20:32:17 [notice] 20#20: exit
2025/08/11 20:32:17 [notice] 28#28: exiting
2025/08/11 20:32:17 [notice] 30#30: exiting
2025/08/11 20:32:17 [notice] 21#21: exit
2025/08/11 20:32:17 [notice] 24#24: exit
2025/08/11 20:32:17 [notice] 23#23: exit
2025/08/11 20:32:17 [notice] 25#25: exit
2025/08/11 20:32:17 [notice] 31#31: gracefully shutting down
2025/08/11 20:32:17 [notice] 28#28: exit
2025/08/11 20:32:17 [notice] 26#26: exit
2025/08/11 20:32:17 [notice] 30#30: exit
2025/08/11 20:32:17 [notice] 27#27: gracefully shutting down
2025/08/11 20:32:17 [notice] 31#31: exiting
2025/08/11 20:32:17 [notice] 27#27: exiting
2025/08/11 20:32:17 [notice] 31#31: exit
2025/08/11 20:32:17 [notice] 27#27: exit
2025/08/11 20:32:17 [notice] 22#22: gracefully shutting down
2025/08/11 20:32:17 [notice] 22#22: exiting
2025/08/11 20:32:17 [notice] 22#22: exit
2025/08/11 20:32:17 [notice] 29#29: gracefully shutting down
2025/08/11 20:32:17 [notice] 29#29: exiting
2025/08/11 20:32:17 [notice] 29#29: exit
2025/08/11 20:32:17 [notice] 1#1: signal 17 (SIGCHLD) received from 21
2025/08/11 20:32:17 [notice] 1#1: worker process 20 exited with code 0
2025/08/11 20:32:17 [notice] 1#1: worker process 21 exited with code 0
2025/08/11 20:32:17 [notice] 1#1: worker process 22 exited with code 0
2025/08/11 20:32:17 [notice] 1#1: worker process 23 exited with code 0
2025/08/11 20:32:17 [notice] 1#1: worker process 25 exited with code 0
2025/08/11 20:32:17 [notice] 1#1: worker process 26 exited with code 0
2025/08/11 20:32:17 [notice] 1#1: worker process 27 exited with code 0
2025/08/11 20:32:17 [notice] 1#1: worker process 28 exited with code 0
2025/08/11 20:32:17 [notice] 1#1: worker process 29 exited with code 0
2025/08/11 20:32:17 [notice] 1#1: worker process 30 exited with code 0
2025/08/11 20:32:17 [notice] 1#1: signal 29 (SIGIO) received
2025/08/11 20:32:17 [notice] 1#1: signal 17 (SIGCHLD) received from 24
2025/08/11 20:32:17 [notice] 1#1: worker process 24 exited with code 0
2025/08/11 20:32:17 [notice] 1#1: signal 29 (SIGIO) received
2025/08/11 20:32:17 [notice] 1#1: signal 17 (SIGCHLD) received from 31
2025/08/11 20:32:17 [notice] 1#1: worker process 31 exited with code 0
2025/08/11 20:32:17 [notice] 1#1: exit
2025/08/11 20:32:28 [notice] 1#1: using the "epoll" event method
2025/08/11 20:32:28 [notice] 1#1: nginx/1.28.0
2025/08/11 20:32:28 [notice] 1#1: built by gcc 14.2.0 (Alpine 14.2.0) 
2025/08/11 20:32:28 [notice] 1#1: OS: Linux 5.15.167.4-microsoft-standard-WSL2
2025/08/11 20:32:28 [notice] 1#1: getrlimit(RLIMIT_NOFILE): 1048576:1048576
2025/08/11 20:32:28 [notice] 1#1: start worker processes
2025/08/11 20:32:28 [notice] 1#1: start worker process 20
2025/08/11 20:32:28 [notice] 1#1: start worker process 21
2025/08/11 20:32:28 [notice] 1#1: start worker process 22
2025/08/11 20:32:28 [notice] 1#1: start worker process 23
2025/08/11 20:32:28 [notice] 1#1: start worker process 24
2025/08/11 20:32:28 [notice] 1#1: start worker process 25
2025/08/11 20:32:28 [notice] 1#1: start worker process 26
2025/08/11 20:32:28 [notice] 1#1: start worker process 27
2025/08/11 20:32:28 [notice] 1#1: start worker process 28
2025/08/11 20:32:28 [notice] 1#1: start worker process 29
2025/08/11 20:32:28 [notice] 1#1: start worker process 30
2025/08/11 20:32:28 [notice] 1#1: start worker process 31
2025/08/11 20:33:03 [error] 25#25: *9 open() "/etc/nginx/html/favicon.ico" failed (2: No such file or directory), client: 172.18.0.1, server: www.url-shortener.ru, request: "GET /favicon.ico HTTP/1.1", host: "localhost", referrer: "http://localhost/admin/login/?next=/admin/"
